#
# There is insufficient memory for the Java Runtime Environment to continue.
# Native memory allocation (malloc) failed to allocate 1510096 bytes for Chunk::new
# Possible reasons:
#   The system is out of physical RAM or swap space
#   The process is running with CompressedOops enabled, and the Java Heap may be blocking the growth of the native heap
# Possible solutions:
#   Reduce memory load on the system
#   Increase physical memory or swap space
#   Check if swap backing store is full
#   Decrease Java heap size (-Xmx/-Xms)
#   Decrease number of Java threads
#   Decrease Java thread stack sizes (-Xss)
#   Set larger code cache with -XX:ReservedCodeCacheSize=
#   JVM is running with Zero Based Compressed Oops mode in which the Java heap is
#     placed in the first 32GB address space. The Java Heap base address is the
#     maximum limit for the native heap growth. Please use -XX:HeapBaseMinAddress
#     to set the Java Heap base and to place the Java Heap above 32GB virtual address.
# This output file may be truncated or incomplete.
#
#  Out of Memory Error (arena.cpp:189), pid=24940, tid=25056
#
# JRE version: OpenJDK Runtime Environment (17.0+35) (build 17+35-2724)
# Java VM: OpenJDK 64-Bit Server VM (17+35-2724, mixed mode, sharing, tiered, compressed oops, compressed class ptrs, g1 gc, windows-amd64)
# No core dump will be written. Minidumps are not enabled by default on client versions of Windows
#

---------------  S U M M A R Y ------------

Command Line: -Dfile.encoding=UTF-8 -Duser.country=KR -Duser.language=ko -Duser.variant com.chat.chatapp.ChatappApplication

Host: AMD Ryzen 5 5500U with Radeon Graphics         , 12 cores, 15G,  Windows 10 , 64 bit Build 22621 (10.0.22621.1928)
Time: Sun Aug  6 17:20:13 2023  Windows 10 , 64 bit Build 22621 (10.0.22621.1928) elapsed time: 1.901656 seconds (0d 0h 0m 1s)

---------------  T H R E A D  ---------------

Current thread (0x000001ab35de25f0):  JavaThread "C2 CompilerThread0" daemon [_thread_in_native, id=25056, stack(0x0000008c78600000,0x0000008c78700000)]


Current CompileTask:
C2:   1901 1624       4       java.net.URLStreamHandler::parseURL (1201 bytes)

Stack: [0x0000008c78600000,0x0000008c78700000]
Native frames: (J=compiled Java code, j=interpreted, Vv=VM code, C=native code)
V  [jvm.dll+0x66f8ea]
V  [jvm.dll+0x7ce224]
V  [jvm.dll+0x7cf9ce]
V  [jvm.dll+0x7d0033]
V  [jvm.dll+0x242bb5]
V  [jvm.dll+0xaa05b]
V  [jvm.dll+0xaa5ec]
V  [jvm.dll+0x35f9f7]
V  [jvm.dll+0x329f61]
V  [jvm.dll+0x32940a]
V  [jvm.dll+0x215ca1]
V  [jvm.dll+0x2150c1]
V  [jvm.dll+0x1a168d]
V  [jvm.dll+0x2248f8]
V  [jvm.dll+0x222a5c]
V  [jvm.dll+0x78422b]
V  [jvm.dll+0x77e7ea]
V  [jvm.dll+0x66e715]
C  [ucrtbase.dll+0x29363]
C  [KERNEL32.DLL+0x126ad]
C  [ntdll.dll+0x5aa68]


---------------  P R O C E S S  ---------------

Threads class SMR info:
_java_thread_list=0x000001ab374a8c50, length=16, elements={
0x000001ab11265540, 0x000001ab35dc51b0, 0x000001ab35dc5b60, 0x000001ab35ddfd30,
0x000001ab35de05f0, 0x000001ab35de0eb0, 0x000001ab35de1860, 0x000001ab35de25f0,
0x000001ab35de3090, 0x000001ab35de4a90, 0x000001ab369337b0, 0x000001ab36939ca0,
0x000001ab37107aa0, 0x000001ab373185c0, 0x000001ab373197d0, 0x000001ab378b6d50
}

Java Threads: ( => current thread )
  0x000001ab11265540 JavaThread "main" [_thread_blocked, id=25004, stack(0x0000008c77900000,0x0000008c77a00000)]
  0x000001ab35dc51b0 JavaThread "Reference Handler" daemon [_thread_blocked, id=25032, stack(0x0000008c78000000,0x0000008c78100000)]
  0x000001ab35dc5b60 JavaThread "Finalizer" daemon [_thread_blocked, id=25036, stack(0x0000008c78100000,0x0000008c78200000)]
  0x000001ab35ddfd30 JavaThread "Signal Dispatcher" daemon [_thread_blocked, id=25040, stack(0x0000008c78200000,0x0000008c78300000)]
  0x000001ab35de05f0 JavaThread "Attach Listener" daemon [_thread_blocked, id=25044, stack(0x0000008c78300000,0x0000008c78400000)]
  0x000001ab35de0eb0 JavaThread "Service Thread" daemon [_thread_blocked, id=25048, stack(0x0000008c78400000,0x0000008c78500000)]
  0x000001ab35de1860 JavaThread "Monitor Deflation Thread" daemon [_thread_blocked, id=25052, stack(0x0000008c78500000,0x0000008c78600000)]
=>0x000001ab35de25f0 JavaThread "C2 CompilerThread0" daemon [_thread_in_native, id=25056, stack(0x0000008c78600000,0x0000008c78700000)]
  0x000001ab35de3090 JavaThread "C1 CompilerThread0" daemon [_thread_blocked, id=25060, stack(0x0000008c78700000,0x0000008c78800000)]
  0x000001ab35de4a90 JavaThread "Sweeper thread" daemon [_thread_blocked, id=25064, stack(0x0000008c78800000,0x0000008c78900000)]
  0x000001ab369337b0 JavaThread "Notification Thread" daemon [_thread_blocked, id=25068, stack(0x0000008c78900000,0x0000008c78a00000)]
  0x000001ab36939ca0 JavaThread "Common-Cleaner" daemon [_thread_blocked, id=25076, stack(0x0000008c78b00000,0x0000008c78c00000)]
  0x000001ab37107aa0 JavaThread "C2 CompilerThread1" daemon [_thread_blocked, id=25084, stack(0x0000008c78c00000,0x0000008c78d00000)]
  0x000001ab373185c0 JavaThread "Thread-0" [_thread_blocked, id=25104, stack(0x0000008c79100000,0x0000008c79200000)]
  0x000001ab373197d0 JavaThread "restartedMain" [_thread_in_Java, id=25108, stack(0x0000008c79200000,0x0000008c79300000)]
  0x000001ab378b6d50 JavaThread "background-preinit" [_thread_in_vm, id=25112, stack(0x0000008c79300000,0x0000008c79400000)]

Other Threads:
  0x000001ab35dbf810 VMThread "VM Thread" [stack: 0x0000008c77f00000,0x0000008c78000000] [id=25028]
  0x000001ab112cf1f0 WatcherThread [stack: 0x0000008c78a00000,0x0000008c78b00000] [id=25072]
  0x000001ab112b2ad0 GCTaskThread "GC Thread#0" [stack: 0x0000008c77a00000,0x0000008c77b00000] [id=25008]
  0x000001ab37363040 GCTaskThread "GC Thread#1" [stack: 0x0000008c78d00000,0x0000008c78e00000] [id=25088]
  0x000001ab3752a7a0 GCTaskThread "GC Thread#2" [stack: 0x0000008c78e00000,0x0000008c78f00000] [id=25092]
  0x000001ab37371790 GCTaskThread "GC Thread#3" [stack: 0x0000008c78f00000,0x0000008c79000000] [id=25096]
  0x000001ab37371a40 GCTaskThread "GC Thread#4" [stack: 0x0000008c79000000,0x0000008c79100000] [id=25100]
  0x000001ab112c3fe0 ConcurrentGCThread "G1 Main Marker" [stack: 0x0000008c77b00000,0x0000008c77c00000] [id=25012]
  0x000001ab112c4b50 ConcurrentGCThread "G1 Conc#0" [stack: 0x0000008c77c00000,0x0000008c77d00000] [id=25016]
  0x000001ab1131ea80 ConcurrentGCThread "G1 Refine#0" [stack: 0x0000008c77d00000,0x0000008c77e00000] [id=25020]
  0x000001ab35c7b520 ConcurrentGCThread "G1 Service" [stack: 0x0000008c77e00000,0x0000008c77f00000] [id=25024]

Threads with active compile tasks:
C2 CompilerThread0     1930 1624       4       java.net.URLStreamHandler::parseURL (1201 bytes)

VM state: not at safepoint (normal execution)

VM Mutex/Monitor currently owned by a thread: None

Heap address: 0x000000070a400000, size: 3932 MB, Compressed Oops mode: Zero based, Oop shift amount: 3

CDS archive(s) mapped at: [0x0000000800000000-0x0000000800bc0000-0x0000000800bc0000), size 12320768, SharedBaseAddress: 0x0000000800000000, ArchiveRelocationMode: 0.
Compressed class space mapped at: 0x0000000800c00000-0x0000000840c00000, reserved size: 1073741824
Narrow klass base: 0x0000000800000000, Narrow klass shift: 0, Narrow klass range: 0x100000000

GC Precious Log:
 CPUs: 12 total, 12 available
 Memory: 15724M
 Large Page Support: Disabled
 NUMA Support: Disabled
 Compressed Oops: Enabled (Zero based)
 Heap Region Size: 2M
 Heap Min Capacity: 8M
 Heap Initial Capacity: 246M
 Heap Max Capacity: 3932M
 Pre-touch: Disabled
 Parallel Workers: 10
 Concurrent Workers: 3
 Concurrent Refinement Workers: 10
 Periodic GC: Disabled

Heap:
 garbage-first heap   total 251904K, used 121046K [0x000000070a400000, 0x0000000800000000)
  region size 2048K, 59 young (120832K), 1 survivors (2048K)
 Metaspace       used 11536K, committed 11712K, reserved 1064960K
  class space    used 1418K, committed 1472K, reserved 1048576K

Heap Regions: E=young(eden), S=young(survivor), O=old, HS=humongous(starts), HC=humongous(continues), CS=collection set, F=free, OA=open archive, CA=closed archive, TAMS=top-at-mark-start (previous, next)
|   0|0x000000070a400000, 0x000000070a600000, 0x000000070a600000|100%| O|  |TAMS 0x000000070a400000, 0x000000070a400000| Untracked 
|   1|0x000000070a600000, 0x000000070a800000, 0x000000070a800000|100%| O|  |TAMS 0x000000070a600000, 0x000000070a600000| Untracked 
|   2|0x000000070a800000, 0x000000070aa00000, 0x000000070aa00000|100%| O|  |TAMS 0x000000070a800000, 0x000000070a800000| Untracked 
|   3|0x000000070aa00000, 0x000000070aa27600, 0x000000070ac00000|  7%| O|  |TAMS 0x000000070aa00000, 0x000000070aa00000| Untracked 
|   4|0x000000070ac00000, 0x000000070ac00000, 0x000000070ae00000|  0%| F|  |TAMS 0x000000070ac00000, 0x000000070ac00000| Untracked 
|   5|0x000000070ae00000, 0x000000070ae00000, 0x000000070b000000|  0%| F|  |TAMS 0x000000070ae00000, 0x000000070ae00000| Untracked 
|   6|0x000000070b000000, 0x000000070b000000, 0x000000070b200000|  0%| F|  |TAMS 0x000000070b000000, 0x000000070b000000| Untracked 
|   7|0x000000070b200000, 0x000000070b200000, 0x000000070b400000|  0%| F|  |TAMS 0x000000070b200000, 0x000000070b200000| Untracked 
|   8|0x000000070b400000, 0x000000070b400000, 0x000000070b600000|  0%| F|  |TAMS 0x000000070b400000, 0x000000070b400000| Untracked 
|   9|0x000000070b600000, 0x000000070b600000, 0x000000070b800000|  0%| F|  |TAMS 0x000000070b600000, 0x000000070b600000| Untracked 
|  10|0x000000070b800000, 0x000000070b800000, 0x000000070ba00000|  0%| F|  |TAMS 0x000000070b800000, 0x000000070b800000| Untracked 
|  11|0x000000070ba00000, 0x000000070ba00000, 0x000000070bc00000|  0%| F|  |TAMS 0x000000070ba00000, 0x000000070ba00000| Untracked 
|  12|0x000000070bc00000, 0x000000070bc00000, 0x000000070be00000|  0%| F|  |TAMS 0x000000070bc00000, 0x000000070bc00000| Untracked 
|  13|0x000000070be00000, 0x000000070be00000, 0x000000070c000000|  0%| F|  |TAMS 0x000000070be00000, 0x000000070be00000| Untracked 
|  14|0x000000070c000000, 0x000000070c000000, 0x000000070c200000|  0%| F|  |TAMS 0x000000070c000000, 0x000000070c000000| Untracked 
|  15|0x000000070c200000, 0x000000070c200000, 0x000000070c400000|  0%| F|  |TAMS 0x000000070c200000, 0x000000070c200000| Untracked 
|  16|0x000000070c400000, 0x000000070c400000, 0x000000070c600000|  0%| F|  |TAMS 0x000000070c400000, 0x000000070c400000| Untracked 
|  17|0x000000070c600000, 0x000000070c600000, 0x000000070c800000|  0%| F|  |TAMS 0x000000070c600000, 0x000000070c600000| Untracked 
|  18|0x000000070c800000, 0x000000070c800000, 0x000000070ca00000|  0%| F|  |TAMS 0x000000070c800000, 0x000000070c800000| Untracked 
|  19|0x000000070ca00000, 0x000000070ca00000, 0x000000070cc00000|  0%| F|  |TAMS 0x000000070ca00000, 0x000000070ca00000| Untracked 
|  20|0x000000070cc00000, 0x000000070cc00000, 0x000000070ce00000|  0%| F|  |TAMS 0x000000070cc00000, 0x000000070cc00000| Untracked 
|  21|0x000000070ce00000, 0x000000070ce00000, 0x000000070d000000|  0%| F|  |TAMS 0x000000070ce00000, 0x000000070ce00000| Untracked 
|  22|0x000000070d000000, 0x000000070d000000, 0x000000070d200000|  0%| F|  |TAMS 0x000000070d000000, 0x000000070d000000| Untracked 
|  23|0x000000070d200000, 0x000000070d200000, 0x000000070d400000|  0%| F|  |TAMS 0x000000070d200000, 0x000000070d200000| Untracked 
|  24|0x000000070d400000, 0x000000070d400000, 0x000000070d600000|  0%| F|  |TAMS 0x000000070d400000, 0x000000070d400000| Untracked 
|  25|0x000000070d600000, 0x000000070d600000, 0x000000070d800000|  0%| F|  |TAMS 0x000000070d600000, 0x000000070d600000| Untracked 
|  26|0x000000070d800000, 0x000000070d800000, 0x000000070da00000|  0%| F|  |TAMS 0x000000070d800000, 0x000000070d800000| Untracked 
|  27|0x000000070da00000, 0x000000070da00000, 0x000000070dc00000|  0%| F|  |TAMS 0x000000070da00000, 0x000000070da00000| Untracked 
|  28|0x000000070dc00000, 0x000000070dc00000, 0x000000070de00000|  0%| F|  |TAMS 0x000000070dc00000, 0x000000070dc00000| Untracked 
|  29|0x000000070de00000, 0x000000070de00000, 0x000000070e000000|  0%| F|  |TAMS 0x000000070de00000, 0x000000070de00000| Untracked 
|  30|0x000000070e000000, 0x000000070e000000, 0x000000070e200000|  0%| F|  |TAMS 0x000000070e000000, 0x000000070e000000| Untracked 
|  31|0x000000070e200000, 0x000000070e200000, 0x000000070e400000|  0%| F|  |TAMS 0x000000070e200000, 0x000000070e200000| Untracked 
|  32|0x000000070e400000, 0x000000070e400000, 0x000000070e600000|  0%| F|  |TAMS 0x000000070e400000, 0x000000070e400000| Untracked 
|  33|0x000000070e600000, 0x000000070e600000, 0x000000070e800000|  0%| F|  |TAMS 0x000000070e600000, 0x000000070e600000| Untracked 
|  34|0x000000070e800000, 0x000000070e800000, 0x000000070ea00000|  0%| F|  |TAMS 0x000000070e800000, 0x000000070e800000| Untracked 
|  35|0x000000070ea00000, 0x000000070ea00000, 0x000000070ec00000|  0%| F|  |TAMS 0x000000070ea00000, 0x000000070ea00000| Untracked 
|  36|0x000000070ec00000, 0x000000070ec00000, 0x000000070ee00000|  0%| F|  |TAMS 0x000000070ec00000, 0x000000070ec00000| Untracked 
|  37|0x000000070ee00000, 0x000000070ee00000, 0x000000070f000000|  0%| F|  |TAMS 0x000000070ee00000, 0x000000070ee00000| Untracked 
|  38|0x000000070f000000, 0x000000070f000000, 0x000000070f200000|  0%| F|  |TAMS 0x000000070f000000, 0x000000070f000000| Untracked 
|  39|0x000000070f200000, 0x000000070f200000, 0x000000070f400000|  0%| F|  |TAMS 0x000000070f200000, 0x000000070f200000| Untracked 
|  40|0x000000070f400000, 0x000000070f400000, 0x000000070f600000|  0%| F|  |TAMS 0x000000070f400000, 0x000000070f400000| Untracked 
|  41|0x000000070f600000, 0x000000070f600000, 0x000000070f800000|  0%| F|  |TAMS 0x000000070f600000, 0x000000070f600000| Untracked 
|  42|0x000000070f800000, 0x000000070f800000, 0x000000070fa00000|  0%| F|  |TAMS 0x000000070f800000, 0x000000070f800000| Untracked 
|  43|0x000000070fa00000, 0x000000070fa00000, 0x000000070fc00000|  0%| F|  |TAMS 0x000000070fa00000, 0x000000070fa00000| Untracked 
|  44|0x000000070fc00000, 0x000000070fc00000, 0x000000070fe00000|  0%| F|  |TAMS 0x000000070fc00000, 0x000000070fc00000| Untracked 
|  45|0x000000070fe00000, 0x000000070fe00000, 0x0000000710000000|  0%| F|  |TAMS 0x000000070fe00000, 0x000000070fe00000| Untracked 
|  46|0x0000000710000000, 0x0000000710000000, 0x0000000710200000|  0%| F|  |TAMS 0x0000000710000000, 0x0000000710000000| Untracked 
|  47|0x0000000710200000, 0x0000000710200000, 0x0000000710400000|  0%| F|  |TAMS 0x0000000710200000, 0x0000000710200000| Untracked 
|  48|0x0000000710400000, 0x0000000710400000, 0x0000000710600000|  0%| F|  |TAMS 0x0000000710400000, 0x0000000710400000| Untracked 
|  49|0x0000000710600000, 0x0000000710600000, 0x0000000710800000|  0%| F|  |TAMS 0x0000000710600000, 0x0000000710600000| Untracked 
|  50|0x0000000710800000, 0x0000000710800000, 0x0000000710a00000|  0%| F|  |TAMS 0x0000000710800000, 0x0000000710800000| Untracked 
|  51|0x0000000710a00000, 0x0000000710a00000, 0x0000000710c00000|  0%| F|  |TAMS 0x0000000710a00000, 0x0000000710a00000| Untracked 
|  52|0x0000000710c00000, 0x0000000710c00000, 0x0000000710e00000|  0%| F|  |TAMS 0x0000000710c00000, 0x0000000710c00000| Untracked 
|  53|0x0000000710e00000, 0x0000000710e00000, 0x0000000711000000|  0%| F|  |TAMS 0x0000000710e00000, 0x0000000710e00000| Untracked 
|  54|0x0000000711000000, 0x0000000711000000, 0x0000000711200000|  0%| F|  |TAMS 0x0000000711000000, 0x0000000711000000| Untracked 
|  55|0x0000000711200000, 0x0000000711200000, 0x0000000711400000|  0%| F|  |TAMS 0x0000000711200000, 0x0000000711200000| Untracked 
|  56|0x0000000711400000, 0x0000000711400000, 0x0000000711600000|  0%| F|  |TAMS 0x0000000711400000, 0x0000000711400000| Untracked 
|  57|0x0000000711600000, 0x0000000711600000, 0x0000000711800000|  0%| F|  |TAMS 0x0000000711600000, 0x0000000711600000| Untracked 
|  58|0x0000000711800000, 0x0000000711800000, 0x0000000711a00000|  0%| F|  |TAMS 0x0000000711800000, 0x0000000711800000| Untracked 
|  59|0x0000000711a00000, 0x0000000711a00000, 0x0000000711c00000|  0%| F|  |TAMS 0x0000000711a00000, 0x0000000711a00000| Untracked 
|  60|0x0000000711c00000, 0x0000000711c00000, 0x0000000711e00000|  0%| F|  |TAMS 0x0000000711c00000, 0x0000000711c00000| Untracked 
|  61|0x0000000711e00000, 0x0000000711e00000, 0x0000000712000000|  0%| F|  |TAMS 0x0000000711e00000, 0x0000000711e00000| Untracked 
|  62|0x0000000712000000, 0x0000000712000000, 0x0000000712200000|  0%| F|  |TAMS 0x0000000712000000, 0x0000000712000000| Untracked 
|  63|0x0000000712200000, 0x0000000712200000, 0x0000000712400000|  0%| F|  |TAMS 0x0000000712200000, 0x0000000712200000| Untracked 
|  64|0x0000000712400000, 0x0000000712600000, 0x0000000712600000|100%| E|  |TAMS 0x0000000712400000, 0x0000000712400000| Complete 
|  65|0x0000000712600000, 0x0000000712800000, 0x0000000712800000|100%| E|CS|TAMS 0x0000000712600000, 0x0000000712600000| Complete 
|  66|0x0000000712800000, 0x0000000712a00000, 0x0000000712a00000|100%| E|CS|TAMS 0x0000000712800000, 0x0000000712800000| Complete 
|  67|0x0000000712a00000, 0x0000000712c00000, 0x0000000712c00000|100%| E|CS|TAMS 0x0000000712a00000, 0x0000000712a00000| Complete 
|  68|0x0000000712c00000, 0x0000000712e00000, 0x0000000712e00000|100%| E|CS|TAMS 0x0000000712c00000, 0x0000000712c00000| Complete 
|  69|0x0000000712e00000, 0x0000000713000000, 0x0000000713000000|100%| E|CS|TAMS 0x0000000712e00000, 0x0000000712e00000| Complete 
|  70|0x0000000713000000, 0x0000000713200000, 0x0000000713200000|100%| E|CS|TAMS 0x0000000713000000, 0x0000000713000000| Complete 
|  71|0x0000000713200000, 0x0000000713400000, 0x0000000713400000|100%| E|CS|TAMS 0x0000000713200000, 0x0000000713200000| Complete 
|  72|0x0000000713400000, 0x0000000713600000, 0x0000000713600000|100%| E|CS|TAMS 0x0000000713400000, 0x0000000713400000| Complete 
|  73|0x0000000713600000, 0x0000000713800000, 0x0000000713800000|100%| E|CS|TAMS 0x0000000713600000, 0x0000000713600000| Complete 
|  74|0x0000000713800000, 0x0000000713a00000, 0x0000000713a00000|100%| E|CS|TAMS 0x0000000713800000, 0x0000000713800000| Complete 
|  75|0x0000000713a00000, 0x0000000713c00000, 0x0000000713c00000|100%| E|CS|TAMS 0x0000000713a00000, 0x0000000713a00000| Complete 
|  76|0x0000000713c00000, 0x0000000713e00000, 0x0000000713e00000|100%| E|CS|TAMS 0x0000000713c00000, 0x0000000713c00000| Complete 
|  77|0x0000000713e00000, 0x0000000714000000, 0x0000000714000000|100%| E|CS|TAMS 0x0000000713e00000, 0x0000000713e00000| Complete 
|  78|0x0000000714000000, 0x0000000714200000, 0x0000000714200000|100%| E|CS|TAMS 0x0000000714000000, 0x0000000714000000| Complete 
|  79|0x0000000714200000, 0x0000000714400000, 0x0000000714400000|100%| E|CS|TAMS 0x0000000714200000, 0x0000000714200000| Complete 
|  80|0x0000000714400000, 0x0000000714600000, 0x0000000714600000|100%| E|CS|TAMS 0x0000000714400000, 0x0000000714400000| Complete 
|  81|0x0000000714600000, 0x0000000714800000, 0x0000000714800000|100%| E|CS|TAMS 0x0000000714600000, 0x0000000714600000| Complete 
|  82|0x0000000714800000, 0x0000000714a00000, 0x0000000714a00000|100%| E|CS|TAMS 0x0000000714800000, 0x0000000714800000| Complete 
|  83|0x0000000714a00000, 0x0000000714c00000, 0x0000000714c00000|100%| E|CS|TAMS 0x0000000714a00000, 0x0000000714a00000| Complete 
|  84|0x0000000714c00000, 0x0000000714e00000, 0x0000000714e00000|100%| E|CS|TAMS 0x0000000714c00000, 0x0000000714c00000| Complete 
|  85|0x0000000714e00000, 0x0000000715000000, 0x0000000715000000|100%| E|CS|TAMS 0x0000000714e00000, 0x0000000714e00000| Complete 
|  86|0x0000000715000000, 0x0000000715200000, 0x0000000715200000|100%| E|CS|TAMS 0x0000000715000000, 0x0000000715000000| Complete 
|  87|0x0000000715200000, 0x0000000715400000, 0x0000000715400000|100%| E|CS|TAMS 0x0000000715200000, 0x0000000715200000| Complete 
|  88|0x0000000715400000, 0x0000000715600000, 0x0000000715600000|100%| E|CS|TAMS 0x0000000715400000, 0x0000000715400000| Complete 
|  89|0x0000000715600000, 0x0000000715800000, 0x0000000715800000|100%| E|CS|TAMS 0x0000000715600000, 0x0000000715600000| Complete 
|  90|0x0000000715800000, 0x0000000715a00000, 0x0000000715a00000|100%| E|  |TAMS 0x0000000715800000, 0x0000000715800000| Complete 
|  91|0x0000000715a00000, 0x0000000715c00000, 0x0000000715c00000|100%| E|CS|TAMS 0x0000000715a00000, 0x0000000715a00000| Complete 
|  92|0x0000000715c00000, 0x0000000715e00000, 0x0000000715e00000|100%| E|CS|TAMS 0x0000000715c00000, 0x0000000715c00000| Complete 
|  93|0x0000000715e00000, 0x0000000716000000, 0x0000000716000000|100%| E|CS|TAMS 0x0000000715e00000, 0x0000000715e00000| Complete 
|  94|0x0000000716000000, 0x0000000716200000, 0x0000000716200000|100%| E|CS|TAMS 0x0000000716000000, 0x0000000716000000| Complete 
|  95|0x0000000716200000, 0x0000000716400000, 0x0000000716400000|100%| E|CS|TAMS 0x0000000716200000, 0x0000000716200000| Complete 
|  96|0x0000000716400000, 0x0000000716600000, 0x0000000716600000|100%| E|CS|TAMS 0x0000000716400000, 0x0000000716400000| Complete 
|  97|0x0000000716600000, 0x0000000716800000, 0x0000000716800000|100%| E|CS|TAMS 0x0000000716600000, 0x0000000716600000| Complete 
|  98|0x0000000716800000, 0x0000000716a00000, 0x0000000716a00000|100%| E|CS|TAMS 0x0000000716800000, 0x0000000716800000| Complete 
|  99|0x0000000716a00000, 0x0000000716c00000, 0x0000000716c00000|100%| E|CS|TAMS 0x0000000716a00000, 0x0000000716a00000| Complete 
| 100|0x0000000716c00000, 0x0000000716e00000, 0x0000000716e00000|100%| E|CS|TAMS 0x0000000716c00000, 0x0000000716c00000| Complete 
| 101|0x0000000716e00000, 0x0000000717000000, 0x0000000717000000|100%| E|CS|TAMS 0x0000000716e00000, 0x0000000716e00000| Complete 
| 102|0x0000000717000000, 0x0000000717200000, 0x0000000717200000|100%| E|CS|TAMS 0x0000000717000000, 0x0000000717000000| Complete 
| 103|0x0000000717200000, 0x0000000717400000, 0x0000000717400000|100%| E|CS|TAMS 0x0000000717200000, 0x0000000717200000| Complete 
| 104|0x0000000717400000, 0x0000000717600000, 0x0000000717600000|100%| E|CS|TAMS 0x0000000717400000, 0x0000000717400000| Complete 
| 105|0x0000000717600000, 0x0000000717800000, 0x0000000717800000|100%| E|CS|TAMS 0x0000000717600000, 0x0000000717600000| Complete 
| 106|0x0000000717800000, 0x0000000717a00000, 0x0000000717a00000|100%| E|CS|TAMS 0x0000000717800000, 0x0000000717800000| Complete 
| 107|0x0000000717a00000, 0x0000000717c00000, 0x0000000717c00000|100%| E|CS|TAMS 0x0000000717a00000, 0x0000000717a00000| Complete 
| 108|0x0000000717c00000, 0x0000000717c0e5a8, 0x0000000717e00000|  2%| S|CS|TAMS 0x0000000717c00000, 0x0000000717c00000| Complete 
| 109|0x0000000717e00000, 0x0000000718000000, 0x0000000718000000|100%| E|CS|TAMS 0x0000000717e00000, 0x0000000717e00000| Complete 
| 110|0x0000000718000000, 0x0000000718200000, 0x0000000718200000|100%| E|CS|TAMS 0x0000000718000000, 0x0000000718000000| Complete 
| 111|0x0000000718200000, 0x0000000718400000, 0x0000000718400000|100%| E|CS|TAMS 0x0000000718200000, 0x0000000718200000| Complete 
| 112|0x0000000718400000, 0x0000000718600000, 0x0000000718600000|100%| E|CS|TAMS 0x0000000718400000, 0x0000000718400000| Complete 
| 113|0x0000000718600000, 0x0000000718800000, 0x0000000718800000|100%| E|CS|TAMS 0x0000000718600000, 0x0000000718600000| Complete 
| 114|0x0000000718800000, 0x0000000718a00000, 0x0000000718a00000|100%| E|CS|TAMS 0x0000000718800000, 0x0000000718800000| Complete 
| 115|0x0000000718a00000, 0x0000000718c00000, 0x0000000718c00000|100%| E|CS|TAMS 0x0000000718a00000, 0x0000000718a00000| Complete 
| 116|0x0000000718c00000, 0x0000000718e00000, 0x0000000718e00000|100%| E|CS|TAMS 0x0000000718c00000, 0x0000000718c00000| Complete 
| 117|0x0000000718e00000, 0x0000000719000000, 0x0000000719000000|100%| E|CS|TAMS 0x0000000718e00000, 0x0000000718e00000| Complete 
| 118|0x0000000719000000, 0x0000000719200000, 0x0000000719200000|100%| E|CS|TAMS 0x0000000719000000, 0x0000000719000000| Complete 
| 119|0x0000000719200000, 0x0000000719400000, 0x0000000719400000|100%| E|CS|TAMS 0x0000000719200000, 0x0000000719200000| Complete 
| 120|0x0000000719400000, 0x0000000719600000, 0x0000000719600000|100%| E|CS|TAMS 0x0000000719400000, 0x0000000719400000| Complete 
| 121|0x0000000719600000, 0x0000000719800000, 0x0000000719800000|100%| E|CS|TAMS 0x0000000719600000, 0x0000000719600000| Complete 
| 122|0x0000000719800000, 0x0000000719a00000, 0x0000000719a00000|100%| E|CS|TAMS 0x0000000719800000, 0x0000000719800000| Complete 

Card table byte_map: [0x000001ab2a690000,0x000001ab2ae40000] _byte_map_base: 0x000001ab26e3e000

Marking Bits (Prev, Next): (CMBitMap*) 0x000001ab112b40f0, (CMBitMap*) 0x000001ab112b4130
 Prev Bits: [0x000001ab2b5f0000, 0x000001ab2f360000)
 Next Bits: [0x000001ab2f360000, 0x000001ab330d0000)

Polling page: 0x000001ab10fd0000

Metaspace:

Usage:
  Non-class:     10.04 MB used.
      Class:      1.41 MB used.
       Both:     11.45 MB used.

Virtual space:
  Non-class space:       16.00 MB reserved,      10.12 MB ( 63%) committed,  2 nodes.
      Class space:        1.00 GB reserved,       1.50 MB ( <1%) committed,  1 nodes.
             Both:        1.02 GB reserved,      11.62 MB (  1%) committed. 

Chunk freelists:
   Non-Class:  1.39 MB
       Class:  2.40 MB
        Both:  3.79 MB

MaxMetaspaceSize: unlimited
CompressedClassSpaceSize: 1.00 GB
Initial GC threshold: 21.00 MB
Current GC threshold: 21.00 MB
CDS: on
MetaspaceReclaimPolicy: balanced
 - commit_granule_bytes: 65536.
 - commit_granule_words: 8192.
 - virtual_space_node_default_size: 1048576.
 - enlarge_chunks_in_place: 1.
 - new_chunks_are_fully_committed: 0.
 - uncommit_free_chunks: 1.
 - use_allocation_guard: 0.
 - handle_deallocations: 1.


Internal statistics:

num_allocs_failed_limit: 0.
num_arena_births: 160.
num_arena_deaths: 0.
num_vsnodes_births: 3.
num_vsnodes_deaths: 0.
num_space_committed: 186.
num_space_uncommitted: 0.
num_chunks_returned_to_freelist: 0.
num_chunks_taken_from_freelist: 519.
num_chunk_merges: 0.
num_chunk_splits: 343.
num_chunks_enlarged: 274.
num_purges: 0.
num_inconsistent_stats: 0.

CodeHeap 'non-profiled nmethods': size=120000Kb used=666Kb max_used=666Kb free=119333Kb
 bounds [0x000001ab21d30000, 0x000001ab21fa0000, 0x000001ab29260000]
CodeHeap 'profiled nmethods': size=120000Kb used=3101Kb max_used=3101Kb free=116899Kb
 bounds [0x000001ab1a800000, 0x000001ab1ab10000, 0x000001ab21d30000]
CodeHeap 'non-nmethods': size=5760Kb used=1180Kb max_used=1195Kb free=4579Kb
 bounds [0x000001ab1a260000, 0x000001ab1a4d0000, 0x000001ab1a800000]
 total_blobs=2134 nmethods=1664 adapters=382
 compilation: enabled
              stopped_count=0, restarted_count=0
 full_count=0

Compilation events (20 events):
Event: 1.867 Thread 0x000001ab35de3090 1633       3       java.util.jar.JavaUtilJarAccessImpl::getTrustedAttributes (6 bytes)
Event: 1.868 Thread 0x000001ab35de3090 nmethod 1633 0x000001ab1aaf5f90 code [0x000001ab1aaf6140, 0x000001ab1aaf6288]
Event: 1.871 Thread 0x000001ab35de3090 1634   !   3       java.util.concurrent.ConcurrentHashMap::putVal (432 bytes)
Event: 1.872 Thread 0x000001ab35de3090 nmethod 1634 0x000001ab1aaf6390 code [0x000001ab1aaf6700, 0x000001ab1aaf8308]
Event: 1.875 Thread 0x000001ab35de3090 1635       3       jdk.internal.org.objectweb.asm.MethodVisitor::visitVarInsn (17 bytes)
Event: 1.876 Thread 0x000001ab35de3090 nmethod 1635 0x000001ab1aaf8d10 code [0x000001ab1aaf8ec0, 0x000001ab1aaf90c8]
Event: 1.884 Thread 0x000001ab35de3090 1636       3       org.springframework.util.StringUtils::hasText (24 bytes)
Event: 1.885 Thread 0x000001ab35de3090 nmethod 1636 0x000001ab1aaf9190 code [0x000001ab1aaf9340, 0x000001ab1aaf95e8]
Event: 1.892 Thread 0x000001ab35de3090 1637       3       java.util.zip.ZipUtils::get16 (21 bytes)
Event: 1.892 Thread 0x000001ab35de3090 nmethod 1637 0x000001ab1aaf9710 code [0x000001ab1aaf98a0, 0x000001ab1aaf99f8]
Event: 1.894 Thread 0x000001ab35de3090 1638       1       java.lang.reflect.Method::getSharedParameterTypes (5 bytes)
Event: 1.894 Thread 0x000001ab35de3090 nmethod 1638 0x000001ab21dd5d10 code [0x000001ab21dd5ea0, 0x000001ab21dd5f78]
Event: 1.894 Thread 0x000001ab35de3090 1639       3       java.util.HashMap$HashIterator::<init> (79 bytes)
Event: 1.895 Thread 0x000001ab35de3090 nmethod 1639 0x000001ab1aaf9b10 code [0x000001ab1aaf9cc0, 0x000001ab1aafa118]
Event: 1.895 Thread 0x000001ab35de3090 1640       3       java.security.AccessController::doPrivileged (9 bytes)
Event: 1.896 Thread 0x000001ab35de3090 nmethod 1640 0x000001ab1aafa290 code [0x000001ab1aafa460, 0x000001ab1aafa798]
Event: 1.896 Thread 0x000001ab35de3090 1642       3       ch.qos.logback.classic.Logger::getChildByName (68 bytes)
Event: 1.896 Thread 0x000001ab35de3090 nmethod 1642 0x000001ab1aafa910 code [0x000001ab1aafab00, 0x000001ab1aafb0c8]
Event: 1.896 Thread 0x000001ab35de3090 1641       1       jdk.internal.loader.AbstractClassLoaderValue$Sub::parent (5 bytes)
Event: 1.896 Thread 0x000001ab35de3090 nmethod 1641 0x000001ab21dd6010 code [0x000001ab21dd61a0, 0x000001ab21dd6278]

GC Heap History (4 events):
Event: 1.048 GC heap before
{Heap before GC invocations=0 (full 0):
 garbage-first heap   total 251904K, used 20480K [0x000000070a400000, 0x0000000800000000)
  region size 2048K, 11 young (22528K), 0 survivors (0K)
 Metaspace       used 4328K, committed 4480K, reserved 1056768K
  class space    used 488K, committed 576K, reserved 1048576K
}
Event: 1.052 GC heap after
{Heap after GC invocations=1 (full 0):
 garbage-first heap   total 251904K, used 6192K [0x000000070a400000, 0x0000000800000000)
  region size 2048K, 2 young (4096K), 2 survivors (4096K)
 Metaspace       used 4328K, committed 4480K, reserved 1056768K
  class space    used 488K, committed 576K, reserved 1048576K
}
Event: 1.058 GC heap before
{Heap before GC invocations=1 (full 0):
 garbage-first heap   total 251904K, used 28720K [0x000000070a400000, 0x0000000800000000)
  region size 2048K, 14 young (28672K), 2 survivors (4096K)
 Metaspace       used 4329K, committed 4480K, reserved 1056768K
  class space    used 488K, committed 576K, reserved 1048576K
}
Event: 1.060 GC heap after
{Heap after GC invocations=2 (full 0):
 garbage-first heap   total 251904K, used 6358K [0x000000070a400000, 0x0000000800000000)
  region size 2048K, 1 young (2048K), 1 survivors (2048K)
 Metaspace       used 4329K, committed 4480K, reserved 1056768K
  class space    used 488K, committed 576K, reserved 1048576K
}

Deoptimization events (20 events):
Event: 1.656 Thread 0x000001ab373197d0 Uncommon trap: trap_request=0xffffffc6 fr.pc=0x000001ab21daac50 relative=0x0000000000000470
Event: 1.656 Thread 0x000001ab373197d0 Uncommon trap: reason=bimorphic_or_optimized_type_check action=maybe_recompile pc=0x000001ab21daac50 method=java.util.HashMap.getNode(Ljava/lang/Object;)Ljava/util/HashMap$Node; @ 63 c2
Event: 1.656 Thread 0x000001ab373197d0 DEOPT PACKING pc=0x000001ab21daac50 sp=0x0000008c792fddc0
Event: 1.656 Thread 0x000001ab373197d0 DEOPT UNPACKING pc=0x000001ab1a2b23a3 sp=0x0000008c792fdd28 mode 2
Event: 1.656 Thread 0x000001ab373197d0 Uncommon trap: trap_request=0xffffffc6 fr.pc=0x000001ab21daac50 relative=0x0000000000000470
Event: 1.656 Thread 0x000001ab373197d0 Uncommon trap: reason=bimorphic_or_optimized_type_check action=maybe_recompile pc=0x000001ab21daac50 method=java.util.HashMap.getNode(Ljava/lang/Object;)Ljava/util/HashMap$Node; @ 63 c2
Event: 1.656 Thread 0x000001ab373197d0 DEOPT PACKING pc=0x000001ab21daac50 sp=0x0000008c792fddc0
Event: 1.656 Thread 0x000001ab373197d0 DEOPT UNPACKING pc=0x000001ab1a2b23a3 sp=0x0000008c792fdd28 mode 2
Event: 1.666 Thread 0x000001ab373197d0 Uncommon trap: trap_request=0xffffffc6 fr.pc=0x000001ab21daac50 relative=0x0000000000000470
Event: 1.666 Thread 0x000001ab373197d0 Uncommon trap: reason=bimorphic_or_optimized_type_check action=maybe_recompile pc=0x000001ab21daac50 method=java.util.HashMap.getNode(Ljava/lang/Object;)Ljava/util/HashMap$Node; @ 63 c2
Event: 1.666 Thread 0x000001ab373197d0 DEOPT PACKING pc=0x000001ab21daac50 sp=0x0000008c792fddc0
Event: 1.666 Thread 0x000001ab373197d0 DEOPT UNPACKING pc=0x000001ab1a2b23a3 sp=0x0000008c792fdd28 mode 2
Event: 1.789 Thread 0x000001ab373197d0 Uncommon trap: trap_request=0xffffff45 fr.pc=0x000001ab21dcf624 relative=0x0000000000002804
Event: 1.789 Thread 0x000001ab373197d0 Uncommon trap: reason=unstable_if action=reinterpret pc=0x000001ab21dcf624 method=java.net.URL.<init>(Ljava/net/URL;Ljava/lang/String;Ljava/net/URLStreamHandler;)V @ 347 c2
Event: 1.789 Thread 0x000001ab373197d0 DEOPT PACKING pc=0x000001ab21dcf624 sp=0x0000008c792fe540
Event: 1.789 Thread 0x000001ab373197d0 DEOPT UNPACKING pc=0x000001ab1a2b23a3 sp=0x0000008c792fe500 mode 2
Event: 1.864 Thread 0x000001ab373197d0 Uncommon trap: trap_request=0xffffff45 fr.pc=0x000001ab21da1c50 relative=0x0000000000001030
Event: 1.864 Thread 0x000001ab373197d0 Uncommon trap: reason=unstable_if action=reinterpret pc=0x000001ab21da1c50 method=java.util.concurrent.ConcurrentHashMap.addCount(JI)V @ 171 c2
Event: 1.864 Thread 0x000001ab373197d0 DEOPT PACKING pc=0x000001ab21da1c50 sp=0x0000008c792fcbf0
Event: 1.864 Thread 0x000001ab373197d0 DEOPT UNPACKING pc=0x000001ab1a2b23a3 sp=0x0000008c792fcab0 mode 2

Classes unloaded (0 events):
No events

Classes redefined (0 events):
No events

Internal exceptions (20 events):
Event: 1.475 Thread 0x000001ab373197d0 Exception <a 'java/lang/NoSuchMethodError'{0x00000007139116c0}: 'int java.lang.invoke.DirectMethodHandle$Holder.invokeInterface(java.lang.Object, java.lang.Object)'> (0x00000007139116c0) 
thrown [t:\workspace\open\src\hotspot\share\interpreter\linkResolver.cpp, line 766]
Event: 1.500 Thread 0x000001ab373197d0 Exception <a 'java/lang/NoSuchMethodError'{0x00000007139c58d8}: 'void java.lang.invoke.DirectMethodHandle$Holder.invokeSpecial(java.lang.Object, java.lang.Object, java.lang.Object, java.lang.Object, java.lang.Object)'> (0x00000007139c58d8) 
thrown [t:\workspace\open\src\hotspot\share\interpreter\linkResolver.cpp, line 766]
Event: 1.592 Thread 0x000001ab373197d0 Exception <a 'java/lang/NoSuchMethodError'{0x000000071348f4f8}: 'void java.lang.invoke.DirectMethodHandle$Holder.invokeSpecial(java.lang.Object, java.lang.Object, java.lang.Object, java.lang.Object, java.lang.Object, java.lang.Object)'> (0x000000071348f4f8) 
thrown [t:\workspace\open\src\hotspot\share\interpreter\linkResolver.cpp, line 766]
Event: 1.617 Thread 0x000001ab373197d0 Exception <a 'java/lang/NoSuchMethodError'{0x00000007135562c0}: 'java.lang.Object java.lang.invoke.DirectMethodHandle$Holder.invokeSpecial(java.lang.Object, java.lang.Object, java.lang.Object, int, java.lang.Object)'> (0x00000007135562c0) 
thrown [t:\workspace\open\src\hotspot\share\interpreter\linkResolver.cpp, line 766]
Event: 1.617 Thread 0x000001ab373197d0 Exception <a 'java/lang/NoSuchMethodError'{0x000000071355e920}: 'java.lang.Object java.lang.invoke.DirectMethodHandle$Holder.newInvokeSpecial(java.lang.Object, java.lang.Object, java.lang.Object, int, java.lang.Object)'> (0x000000071355e920) 
thrown [t:\workspace\open\src\hotspot\share\interpreter\linkResolver.cpp, line 766]
Event: 1.618 Thread 0x000001ab373197d0 Exception <a 'java/lang/NoSuchMethodError'{0x00000007135662f0}: 'java.lang.Object java.lang.invoke.Invokers$Holder.linkToTargetMethod(java.lang.Object, java.lang.Object, int, java.lang.Object, java.lang.Object)'> (0x00000007135662f0) 
thrown [t:\workspace\open\src\hotspot\share\interpreter\linkResolver.cpp, line 766]
Event: 1.619 Thread 0x000001ab373197d0 Exception <a 'java/lang/NoSuchMethodError'{0x0000000713576188}: 'java.lang.Object java.lang.invoke.DirectMethodHandle$Holder.newInvokeSpecial(java.lang.Object, int, java.lang.Object)'> (0x0000000713576188) 
thrown [t:\workspace\open\src\hotspot\share\interpreter\linkResolver.cpp, line 766]
Event: 1.619 Thread 0x000001ab373197d0 Exception <a 'java/lang/NoSuchMethodError'{0x000000071357dfb8}: 'int java.lang.invoke.DirectMethodHandle$Holder.invokeSpecialIFC(java.lang.Object, java.lang.Object, java.lang.Object, java.lang.Object)'> (0x000000071357dfb8) 
thrown [t:\workspace\open\src\hotspot\share\interpreter\linkResolver.cpp, line 766]
Event: 1.640 Thread 0x000001ab373197d0 Exception <a 'java/lang/NoSuchMethodError'{0x000000071323c290}: 'void java.lang.invoke.DirectMethodHandle$Holder.invokeInterface(java.lang.Object, java.lang.Object, java.lang.Object)'> (0x000000071323c290) 
thrown [t:\workspace\open\src\hotspot\share\interpreter\linkResolver.cpp, line 766]
Event: 1.677 Thread 0x000001ab373197d0 Exception <a 'java/lang/NoSuchMethodError'{0x00000007132f9488}: 'void java.lang.invoke.DirectMethodHandle$Holder.invokeStatic(java.lang.Object, java.lang.Object)'> (0x00000007132f9488) 
thrown [t:\workspace\open\src\hotspot\share\interpreter\linkResolver.cpp, line 766]
Event: 1.677 Thread 0x000001ab373197d0 Exception <a 'java/lang/NoSuchMethodError'{0x00000007132fcc88}: 'void java.lang.invoke.DirectMethodHandle$Holder.invokeStaticInit(java.lang.Object, java.lang.Object)'> (0x00000007132fcc88) 
thrown [t:\workspace\open\src\hotspot\share\interpreter\linkResolver.cpp, line 766]
Event: 1.680 Thread 0x000001ab373197d0 Exception <a 'java/lang/NoSuchMethodError'{0x000000071330b598}: 'void java.lang.invoke.DirectMethodHandle$Holder.invokeStaticInit(java.lang.Object, java.lang.Object, java.lang.Object)'> (0x000000071330b598) 
thrown [t:\workspace\open\src\hotspot\share\interpreter\linkResolver.cpp, line 766]
Event: 1.687 Thread 0x000001ab373197d0 Exception <a 'java/lang/NoSuchMethodError'{0x000000071334b448}: 'java.lang.Object java.lang.invoke.DirectMethodHandle$Holder.invokeStatic(java.lang.Object, java.lang.Object, long, java.lang.Object)'> (0x000000071334b448) 
thrown [t:\workspace\open\src\hotspot\share\interpreter\linkResolver.cpp, line 766]
Event: 1.687 Thread 0x000001ab373197d0 Exception <a 'java/lang/NoSuchMethodError'{0x000000071334eee0}: 'java.lang.Object java.lang.invoke.DirectMethodHandle$Holder.invokeStaticInit(java.lang.Object, java.lang.Object, long, java.lang.Object)'> (0x000000071334eee0) 
thrown [t:\workspace\open\src\hotspot\share\interpreter\linkResolver.cpp, line 766]
Event: 1.688 Thread 0x000001ab373197d0 Exception <a 'java/lang/NoSuchMethodError'{0x0000000713355628}: 'java.lang.Object java.lang.invoke.DirectMethodHandle$Holder.newInvokeSpecial(java.lang.Object, java.lang.Object, long)'> (0x0000000713355628) 
thrown [t:\workspace\open\src\hotspot\share\interpreter\linkResolver.cpp, line 766]
Event: 1.688 Thread 0x000001ab373197d0 Exception <a 'java/lang/NoSuchMethodError'{0x0000000713359198}: 'java.lang.Object java.lang.invoke.Invokers$Holder.linkToTargetMethod(java.lang.Object, long, java.lang.Object)'> (0x0000000713359198) 
thrown [t:\workspace\open\src\hotspot\share\interpreter\linkResolver.cpp, line 766]
Event: 1.707 Thread 0x000001ab373197d0 Exception <a 'java/lang/NoSuchMethodError'{0x00000007133bdde0}: 'void java.lang.invoke.DirectMethodHandle$Holder.invokeVirtual(java.lang.Object, java.lang.Object, java.lang.Object, java.lang.Object)'> (0x00000007133bdde0) 
thrown [t:\workspace\open\src\hotspot\share\interpreter\linkResolver.cpp, line 766]
Event: 1.779 Thread 0x000001ab373197d0 Exception <a 'java/lang/NoSuchMethodError'{0x0000000713183a88}: 'void java.lang.invoke.DirectMethodHandle$Holder.invokeSpecial(java.lang.Object, java.lang.Object, java.lang.Object)'> (0x0000000713183a88) 
thrown [t:\workspace\open\src\hotspot\share\interpreter\linkResolver.cpp, line 766]
Event: 1.786 Thread 0x000001ab378b6d50 Exception <a 'java/lang/NoClassDefFoundError'{0x0000000712e19008}: jakarta/validation/Validation> (0x0000000712e19008) 
thrown [t:\workspace\open\src\hotspot\share\classfile\systemDictionary.cpp, line 245]
Event: 1.786 Thread 0x000001ab373197d0 Exception <a 'java/lang/IncompatibleClassChangeError'{0x00000007131b50a0}: Found class java.lang.Object, but interface was expected> (0x00000007131b50a0) 
thrown [t:\workspace\open\src\hotspot\share\interpreter\linkResolver.cpp, line 833]

VM Operations (20 events):
Event: 0.230 Executing VM operation: HandshakeAllThreads
Event: 0.230 Executing VM operation: HandshakeAllThreads done
Event: 0.618 Executing VM operation: HandshakeAllThreads
Event: 0.618 Executing VM operation: HandshakeAllThreads done
Event: 0.648 Executing VM operation: HandshakeAllThreads
Event: 0.648 Executing VM operation: HandshakeAllThreads done
Event: 0.762 Executing VM operation: HandshakeAllThreads
Event: 0.762 Executing VM operation: HandshakeAllThreads done
Event: 0.792 Executing VM operation: HandshakeAllThreads
Event: 0.792 Executing VM operation: HandshakeAllThreads done
Event: 1.048 Executing VM operation: G1CollectForAllocation
Event: 1.052 Executing VM operation: G1CollectForAllocation done
Event: 1.058 Executing VM operation: G1CollectForAllocation
Event: 1.060 Executing VM operation: G1CollectForAllocation done
Event: 1.224 Executing VM operation: HandshakeAllThreads
Event: 1.224 Executing VM operation: HandshakeAllThreads done
Event: 1.776 Executing VM operation: HandshakeAllThreads
Event: 1.776 Executing VM operation: HandshakeAllThreads done
Event: 1.789 Executing VM operation: ICBufferFull
Event: 1.789 Executing VM operation: ICBufferFull done

Events (20 events):
Event: 1.829 loading class com/sun/org/apache/xalan/internal/utils/FeaturePropertyBase done
Event: 1.829 loading class com/sun/org/apache/xalan/internal/utils/XMLSecurityPropertyManager done
Event: 1.829 loading class com/sun/org/apache/xalan/internal/utils/FeaturePropertyBase$State
Event: 1.829 loading class com/sun/org/apache/xalan/internal/utils/FeaturePropertyBase$State done
Event: 1.829 loading class com/sun/org/apache/xalan/internal/utils/XMLSecurityPropertyManager$Property
Event: 1.829 loading class com/sun/org/apache/xalan/internal/utils/XMLSecurityPropertyManager$Property done
Event: 1.829 loading class com/sun/org/apache/xalan/internal/utils/XMLSecurityManager
Event: 1.830 loading class com/sun/org/apache/xalan/internal/utils/XMLSecurityManager done
Event: 1.830 loading class com/sun/org/apache/xalan/internal/utils/XMLSecurityManager$Limit
Event: 1.830 loading class com/sun/org/apache/xalan/internal/utils/XMLSecurityManager$Limit done
Event: 1.830 loading class com/sun/org/apache/xalan/internal/utils/XMLSecurityManager$NameMap
Event: 1.830 loading class com/sun/org/apache/xalan/internal/utils/XMLSecurityManager$NameMap done
Event: 1.830 loading class jdk/xml/internal/JdkProperty
Event: 1.830 loading class jdk/xml/internal/JdkProperty done
Event: 1.842 loading class java/io/NotSerializableException
Event: 1.842 loading class java/io/ObjectStreamException
Event: 1.842 loading class java/io/ObjectStreamException done
Event: 1.842 loading class java/io/NotSerializableException done
Event: 1.870 loading class java/lang/CloneNotSupportedException
Event: 1.870 loading class java/lang/CloneNotSupportedException done


Dynamic libraries:
0x00007ff79d5e0000 - 0x00007ff79d5ee000 	C:\java\jdk-17\bin\java.exe
0x00007ffc890d0000 - 0x00007ffc892e4000 	C:\WINDOWS\SYSTEM32\ntdll.dll
0x00007ffc87f50000 - 0x00007ffc88012000 	C:\WINDOWS\System32\KERNEL32.DLL
0x00007ffc86b00000 - 0x00007ffc86ea3000 	C:\WINDOWS\System32\KERNELBASE.dll
0x00007ffc86910000 - 0x00007ffc86a21000 	C:\WINDOWS\System32\ucrtbase.dll
0x00007ffc33450000 - 0x00007ffc3346a000 	C:\java\jdk-17\bin\VCRUNTIME140.dll
0x00007ffc337b0000 - 0x00007ffc337c8000 	C:\java\jdk-17\bin\jli.dll
0x00007ffc88da0000 - 0x00007ffc88f4a000 	C:\WINDOWS\System32\USER32.dll
0x00007ffc86ad0000 - 0x00007ffc86af6000 	C:\WINDOWS\System32\win32u.dll
0x00007ffc87f20000 - 0x00007ffc87f49000 	C:\WINDOWS\System32\GDI32.dll
0x00007ffc86610000 - 0x00007ffc86729000 	C:\WINDOWS\System32\gdi32full.dll
0x00007ffc86a30000 - 0x00007ffc86aca000 	C:\WINDOWS\System32\msvcp_win.dll
0x00007ffc733e0000 - 0x00007ffc7366e000 	C:\WINDOWS\WinSxS\amd64_microsoft.windows.common-controls_6595b64144ccf1df_6.0.22621.1635_none_270f70857386168e\COMCTL32.dll
0x00007ffc88850000 - 0x00007ffc888f7000 	C:\WINDOWS\System32\msvcrt.dll
0x00007ffc87d40000 - 0x00007ffc87d71000 	C:\WINDOWS\System32\IMM32.DLL
0x00007ffc4c1c0000 - 0x00007ffc4c1cc000 	C:\java\jdk-17\bin\vcruntime140_1.dll
0x00007ffc2e270000 - 0x00007ffc2e2fd000 	C:\java\jdk-17\bin\msvcp140.dll
0x00007ffc07950000 - 0x00007ffc0850e000 	C:\java\jdk-17\bin\server\jvm.dll
0x00007ffc88b30000 - 0x00007ffc88bde000 	C:\WINDOWS\System32\ADVAPI32.dll
0x00007ffc87c90000 - 0x00007ffc87d34000 	C:\WINDOWS\System32\sechost.dll
0x00007ffc88020000 - 0x00007ffc88137000 	C:\WINDOWS\System32\RPCRT4.dll
0x00007ffc88630000 - 0x00007ffc88638000 	C:\WINDOWS\System32\PSAPI.DLL
0x00007ffc69a70000 - 0x00007ffc69a79000 	C:\WINDOWS\SYSTEM32\WSOCK32.dll
0x00007ffc877b0000 - 0x00007ffc87821000 	C:\WINDOWS\System32\WS2_32.dll
0x00007ffc7ed90000 - 0x00007ffc7ed9a000 	C:\WINDOWS\SYSTEM32\VERSION.dll
0x00007ffc7ce80000 - 0x00007ffc7ceb4000 	C:\WINDOWS\SYSTEM32\WINMM.dll
0x00007ffc85600000 - 0x00007ffc85618000 	C:\WINDOWS\SYSTEM32\kernel.appcore.dll
0x00007ffc3a380000 - 0x00007ffc3a38a000 	C:\java\jdk-17\bin\jimage.dll
0x00007ffc78ba0000 - 0x00007ffc78dce000 	C:\WINDOWS\SYSTEM32\DBGHELP.DLL
0x00007ffc878b0000 - 0x00007ffc87c39000 	C:\WINDOWS\System32\combase.dll
0x00007ffc886c0000 - 0x00007ffc88797000 	C:\WINDOWS\System32\OLEAUT32.dll
0x00007ffc6cfa0000 - 0x00007ffc6cfd2000 	C:\WINDOWS\SYSTEM32\dbgcore.DLL
0x00007ffc86590000 - 0x00007ffc8660a000 	C:\WINDOWS\System32\bcryptPrimitives.dll
0x00007ffc2eb00000 - 0x00007ffc2eb25000 	C:\java\jdk-17\bin\java.dll
0x00007ffc19050000 - 0x00007ffc19126000 	C:\java\jdk-17\bin\svml.dll
0x00007ffc86eb0000 - 0x00007ffc876a9000 	C:\WINDOWS\System32\SHELL32.dll
0x00007ffc84480000 - 0x00007ffc84d4e000 	C:\WINDOWS\SYSTEM32\windows.storage.dll
0x00007ffc84340000 - 0x00007ffc8447e000 	C:\WINDOWS\SYSTEM32\wintypes.dll
0x00007ffc88f90000 - 0x00007ffc89081000 	C:\WINDOWS\System32\SHCORE.dll
0x00007ffc885d0000 - 0x00007ffc8862e000 	C:\WINDOWS\System32\shlwapi.dll
0x00007ffc86400000 - 0x00007ffc86426000 	C:\WINDOWS\SYSTEM32\profapi.dll
0x00007ffc32860000 - 0x00007ffc32879000 	C:\java\jdk-17\bin\net.dll
0x00007ffc80350000 - 0x00007ffc80487000 	C:\WINDOWS\SYSTEM32\WINHTTP.dll
0x00007ffc85a80000 - 0x00007ffc85ae9000 	C:\WINDOWS\system32\mswsock.dll
0x00007ffc316c0000 - 0x00007ffc316d5000 	C:\java\jdk-17\bin\nio.dll
0x00007ffc30890000 - 0x00007ffc308a8000 	C:\java\jdk-17\bin\zip.dll
0x00007ffc7c970000 - 0x00007ffc7c979000 	C:\java\jdk-17\bin\management.dll
0x00007ffc78540000 - 0x00007ffc7854b000 	C:\java\jdk-17\bin\management_ext.dll

dbghelp: loaded successfully - version: 4.0.5 - missing functions: none
symbol engine: initialized successfully - sym options: 0x614 - pdb path: .;C:\java\jdk-17\bin;C:\WINDOWS\SYSTEM32;C:\WINDOWS\WinSxS\amd64_microsoft.windows.common-controls_6595b64144ccf1df_6.0.22621.1635_none_270f70857386168e;C:\java\jdk-17\bin\server

VM Arguments:
jvm_args: -Dfile.encoding=UTF-8 -Duser.country=KR -Duser.language=ko -Duser.variant 
java_command: com.chat.chatapp.ChatappApplication
java_class_path (initial): C:\Users\cdnwe\OneDrive\πŸ≈¡ »≠∏È\SpringProject\chatapp\build\classes\java\main;C:\Users\cdnwe\OneDrive\πŸ≈¡ »≠∏È\SpringProject\chatapp\build\resources\main;C:\Users\cdnwe\OneDrive\πŸ≈¡ »≠∏È\SpringProject\chatapp\.gradle\caches\modules-2\files-2.1\org.springframework.boot\spring-boot-devtools\3.1.2\e01d700e98cf7393c80efc44357416ba90c56332\spring-boot-devtools-3.1.2.jar;C:\Users\cdnwe\OneDrive\πŸ≈¡ »≠∏È\SpringProject\chatapp\.gradle\caches\modules-2\files-2.1\org.springframework.boot\spring-boot-starter-data-jpa\3.1.2\a37d54373b11d2de70dfb8bcd6612dc63787f4a8\spring-boot-starter-data-jpa-3.1.2.jar;C:\Users\cdnwe\OneDrive\πŸ≈¡ »≠∏È\SpringProject\chatapp\.gradle\caches\modules-2\files-2.1\org.springframework.boot\spring-boot-starter-websocket\3.1.2\38921a9f21f02774f4c8c2e546b13e0bb8b27e85\spring-boot-starter-websocket-3.1.2.jar;C:\Users\cdnwe\OneDrive\πŸ≈¡ »≠∏È\SpringProject\chatapp\.gradle\caches\modules-2\files-2.1\org.springframework.boot\spring-boot-starter-web\3.1.2\30b824817e764a5a5a1e9fb46e7ace40bcfa3185\spring-boot-starter-web-3.1.2.jar;C:\Users\cdnwe\OneDrive\πŸ≈¡ »≠∏È\SpringProject\chatapp\.gradle\caches\modules-2\files-2.1\org.springframework.boot\spring-boot-starter-aop\3.1.2\e882bf8c8853807a8e69cce9465ec12233fb5437\spring-boot-starter-aop-3.1.2.jar;C:\Users\cdnwe\OneDrive\πŸ≈¡ »≠∏È\SpringProject\chatapp\.gradle\caches\modules-2\files-2.1\org.springframework.boot\spring-boot-starter-jdbc\3.1.2\e864f6a34d620e7e698c115881ea23b08f7125e9\spring-boot-starter-jdbc-3.1.2.jar;C:\Users\cdnwe\OneDrive\πŸ≈¡ »≠∏È\SpringProject\chatapp\.gradle\caches\modules-2\files-2.1\org.springframework.boot\spring-boot-starter-json\3.1.2\c48d521879dbbcebe1a99f47257612968e022f5b\spring-boot-starter-json-3.1.2.jar;C:\Users\cdnwe\OneDrive\πŸ≈¡ »≠∏È\SpringProject\chatapp\.gradle\caches\modules-2\files-2.1\org.springframework.boot\spring-boot-starter\3.1.2\c09a48df6fbc2b07b7aef1256b45260a3478b49f\spring-boot-starter-3.1.2.jar;C:\Users\cdnwe\OneDrive\πŸ≈¡ »≠∏È\
Launcher Type: SUN_STANDARD

[Global flags]
     intx CICompilerCount                          = 4                                         {product} {ergonomic}
     uint ConcGCThreads                            = 3                                         {product} {ergonomic}
     uint G1ConcRefinementThreads                  = 10                                        {product} {ergonomic}
   size_t G1HeapRegionSize                         = 2097152                                   {product} {ergonomic}
    uintx GCDrainStackTargetSize                   = 64                                        {product} {ergonomic}
   size_t InitialHeapSize                          = 257949696                                 {product} {ergonomic}
   size_t MarkStackSize                            = 4194304                                   {product} {ergonomic}
   size_t MaxHeapSize                              = 4123000832                                {product} {ergonomic}
   size_t MaxNewSize                               = 2472542208                                {product} {ergonomic}
   size_t MinHeapDeltaBytes                        = 2097152                                   {product} {ergonomic}
   size_t MinHeapSize                              = 8388608                                   {product} {ergonomic}
    uintx NonNMethodCodeHeapSize                   = 5839372                                {pd product} {ergonomic}
    uintx NonProfiledCodeHeapSize                  = 122909434                              {pd product} {ergonomic}
    uintx ProfiledCodeHeapSize                     = 122909434                              {pd product} {ergonomic}
    uintx ReservedCodeCacheSize                    = 251658240                              {pd product} {ergonomic}
     bool SegmentedCodeCache                       = true                                      {product} {ergonomic}
   size_t SoftMaxHeapSize                          = 4123000832                             {manageable} {ergonomic}
     bool UseCompressedClassPointers               = true                           {product lp64_product} {ergonomic}
     bool UseCompressedOops                        = true                           {product lp64_product} {ergonomic}
     bool UseG1GC                                  = true                                      {product} {ergonomic}
     bool UseLargePagesIndividualAllocation        = false                                  {pd product} {ergonomic}

Logging:
Log output configuration:
 #0: stdout all=warning uptime,level,tags
 #1: stderr all=off uptime,level,tags

Environment Variables:
JAVA_HOME=C:\java\jdk-17
PATH=C:\Program Files (x86)\VMware\VMware Workstation\bin\;C:\oraclexe\app\oracle\product\11.2.0\server\bin;C:\WINDOWS\system32;C:\WINDOWS;C:\WINDOWS\System32\Wbem;C:\WINDOWS\System32\WindowsPowerShell\v1.0\;C:\WINDOWS\System32\OpenSSH\;C:\Program Files\Bandizip\;C:\Program Files\Git\cmd;C:\Program Files\Microsoft SQL Server\Client SDK\ODBC\170\Tools\Binn\;C:\Program Files (x86)\Microsoft SQL Server\150\Tools\Binn\;C:\Program Files\Microsoft SQL Server\150\Tools\Binn\;C:\Program Files\Microsoft SQL Server\150\DTS\Binn\;C:\Program Files (x86)\Microsoft SQL Server\150\DTS\Binn\;C:\Program Files\Azure Data Studio\bin;C:\java\jdk-17\bin;C:\java\apache-maven-3.8.6\bin;C:\Program Files\nodejs\;C:\ProgramData\chocolatey\bin;C:\Program Files\Docker\Docker\resources\bin;C:\Program Files\dotnet\;C:\WINDOWS\system32;C:\WINDOWS;C:\WINDOWS\System32\Wbem;C:\WINDOWS\System32\WindowsPowerShell\v1.0\;C:\WINDOWS\System32\OpenSSH\;C:\Program Files\PuTTY\;C:\Program Files (x86)\NetSarang\Xshell 7\;C:\Program Files\Amazon\AWSCLIV2\;C:\Program Files\MySQL\MySQL Shell 8.0\bin;C:\Users\cdnwe\AppData\Local\Microsoft\WindowsApps;C:\Users\cdnwe\AppData\Local\Programs\Microsoft VS Code\bin;C:\Users\cdnwe\.dotnet\tools;C:\Program Files\Azure Data Studio\bin;C:\Users\cdnwe\AppData\Roaming\npm;C:\Users\cdnwe\AppData\Local\JetBrains\Toolbox\scripts;C:\Users\cdnwe\.dotnet\tools;C:\Program Files\MySQL\MySQL Server 8.0\bin;;C:\Users\cdnwe\AppData\Local\Microsoft\WindowsApps
USERNAME=cdnwellhk
OS=Windows_NT
PROCESSOR_IDENTIFIER=AMD64 Family 23 Model 104 Stepping 1, AuthenticAMD



---------------  S Y S T E M  ---------------

OS:
 Windows 10 , 64 bit Build 22621 (10.0.22621.1928)
OS uptime: 0 days 0:19 hours
Hyper-V role detected

CPU: total 12 (initial active 12) (12 cores per cpu, 2 threads per core) family 23 model 104 stepping 1 microcode 0x0, cx8, cmov, fxsr, ht, mmx, 3dnowpref, sse, sse2, sse3, ssse3, sse4a, sse4.1, sse4.2, popcnt, lzcnt, tsc, tscinvbit, avx, avx2, aes, clmul, bmi1, bmi2, adx, sha, fma, vzeroupper, clflush, clflushopt, hv

Memory: 4k page, system-wide physical 15724M (4035M free)
TotalPageFile size 15724M (AvailPageFile size 5M)
current process WorkingSet (physical memory assigned to process): 193M, peak: 193M
current process commit charge ("private bytes"): 374M, peak: 374M

vm_info: OpenJDK 64-Bit Server VM (17+35-2724) for windows-amd64 JRE (17+35-2724), built on Aug  5 2021 23:26:02 by "mach5one" with MS VC++ 16.8 (VS2019)

END.
