#
# There is insufficient memory for the Java Runtime Environment to continue.
# Native memory allocation (mmap) failed to map 4030464 bytes for G1 virtual space
# Possible reasons:
#   The system is out of physical RAM or swap space
#   The process is running with CompressedOops enabled, and the Java Heap may be blocking the growth of the native heap
# Possible solutions:
#   Reduce memory load on the system
#   Increase physical memory or swap space
#   Check if swap backing store is full
#   Decrease Java heap size (-Xmx/-Xms)
#   Decrease number of Java threads
#   Decrease Java thread stack sizes (-Xss)
#   Set larger code cache with -XX:ReservedCodeCacheSize=
#   JVM is running with Zero Based Compressed Oops mode in which the Java heap is
#     placed in the first 32GB address space. The Java Heap base address is the
#     maximum limit for the native heap growth. Please use -XX:HeapBaseMinAddress
#     to set the Java Heap base and to place the Java Heap above 32GB virtual address.
# This output file may be truncated or incomplete.
#
#  Out of Memory Error (os_windows.cpp:3469), pid=25184, tid=25372
#
# JRE version:  (17.0+35) (build )
# Java VM: OpenJDK 64-Bit Server VM (17+35-2724, mixed mode, sharing, tiered, compressed oops, compressed class ptrs, g1 gc, windows-amd64)
# No core dump will be written. Minidumps are not enabled by default on client versions of Windows
#

---------------  S U M M A R Y ------------

Command Line: -Dfile.encoding=UTF-8 -Duser.country=KR -Duser.language=ko -Duser.variant com.chat.chatapp.ChatappApplication

Host: AMD Ryzen 5 5500U with Radeon Graphics         , 12 cores, 15G,  Windows 10 , 64 bit Build 22621 (10.0.22621.1928)
Time: Sun Aug  6 17:20:29 2023  Windows 10 , 64 bit Build 22621 (10.0.22621.1928) elapsed time: 0.035049 seconds (0d 0h 0m 0s)

---------------  T H R E A D  ---------------

Current thread (0x000001ea99db5540):  JavaThread "Unknown thread" [_thread_in_vm, id=25372, stack(0x000000e276900000,0x000000e276a00000)]

Stack: [0x000000e276900000,0x000000e276a00000]
Native frames: (J=compiled Java code, j=interpreted, Vv=VM code, C=native code)
V  [jvm.dll+0x66f8ea]
V  [jvm.dll+0x7ce224]
V  [jvm.dll+0x7cf9ce]
V  [jvm.dll+0x7d0033]
V  [jvm.dll+0x242bb5]
V  [jvm.dll+0x66c909]
V  [jvm.dll+0x6613d2]
V  [jvm.dll+0x30082b]
V  [jvm.dll+0x307db6]
V  [jvm.dll+0x357a38]
V  [jvm.dll+0x357c3f]
V  [jvm.dll+0x2d7ae8]
V  [jvm.dll+0x2d8a54]
V  [jvm.dll+0x7a00a1]
V  [jvm.dll+0x365781]
V  [jvm.dll+0x77f59c]
V  [jvm.dll+0x3e805f]
V  [jvm.dll+0x3e9b01]
C  [jli.dll+0x527b]
C  [ucrtbase.dll+0x29363]
C  [KERNEL32.DLL+0x126ad]
C  [ntdll.dll+0x5aa68]


---------------  P R O C E S S  ---------------

Threads class SMR info:
_java_thread_list=0x00007ffc083e7818, length=0, elements={
}

Java Threads: ( => current thread )

Other Threads:
  0x000001ea99e02bc0 GCTaskThread "GC Thread#0" [stack: 0x000000e276a00000,0x000000e276b00000] [id=25376]
  0x000001ea99e140d0 ConcurrentGCThread "G1 Main Marker" [stack: 0x000000e276b00000,0x000000e276c00000] [id=25380]
  0x000001ea99e168a0 ConcurrentGCThread "G1 Conc#0" [stack: 0x000000e276c00000,0x000000e276d00000] [id=25360]

[error occurred during error reporting (printing all threads), id 0xc0000005, EXCEPTION_ACCESS_VIOLATION (0xc0000005) at pc=0x00007ffc07c384c7]

VM state: not at safepoint (not fully initialized)

VM Mutex/Monitor currently owned by a thread:  ([mutex/lock_event])
[0x000001ea99db0a70] Heap_lock - owner thread: 0x000001ea99db5540

Heap address: 0x000000070a400000, size: 3932 MB, Compressed Oops mode: Zero based, Oop shift amount: 3

CDS archive(s) mapped at: [0x0000000000000000-0x0000000000000000-0x0000000000000000), size 0, SharedBaseAddress: 0x0000000800000000, ArchiveRelocationMode: 0.
Narrow klass base: 0x0000000000000000, Narrow klass shift: 0, Narrow klass range: 0x0

GC Precious Log:
<Empty>

Heap:
 garbage-first heap   total 0K, used 0K [0x000000070a400000, 0x0000000800000000)
  region size 2048K, 0 young (0K), 0 survivors (0K)

[error occurred during error reporting (printing heap information), id 0xc0000005, EXCEPTION_ACCESS_VIOLATION (0xc0000005) at pc=0x00007ffc08018c59]

GC Heap History (0 events):
No events

Deoptimization events (0 events):
No events

Classes unloaded (0 events):
No events

Classes redefined (0 events):
No events

Internal exceptions (0 events):
No events

VM Operations (0 events):
No events

Events (1 events):
Event: 0.023 Loaded shared library C:\java\jdk-17\bin\java.dll


Dynamic libraries:
0x00007ff79d5e0000 - 0x00007ff79d5ee000 	C:\java\jdk-17\bin\java.exe
0x00007ffc890d0000 - 0x00007ffc892e4000 	C:\WINDOWS\SYSTEM32\ntdll.dll
0x00007ffc87f50000 - 0x00007ffc88012000 	C:\WINDOWS\System32\KERNEL32.DLL
0x00007ffc86b00000 - 0x00007ffc86ea3000 	C:\WINDOWS\System32\KERNELBASE.dll
0x00007ffc86910000 - 0x00007ffc86a21000 	C:\WINDOWS\System32\ucrtbase.dll
0x00007ffc337b0000 - 0x00007ffc337c8000 	C:\java\jdk-17\bin\jli.dll
0x00007ffc33450000 - 0x00007ffc3346a000 	C:\java\jdk-17\bin\VCRUNTIME140.dll
0x00007ffc88da0000 - 0x00007ffc88f4a000 	C:\WINDOWS\System32\USER32.dll
0x00007ffc86ad0000 - 0x00007ffc86af6000 	C:\WINDOWS\System32\win32u.dll
0x00007ffc87f20000 - 0x00007ffc87f49000 	C:\WINDOWS\System32\GDI32.dll
0x00007ffc86610000 - 0x00007ffc86729000 	C:\WINDOWS\System32\gdi32full.dll
0x00007ffc86a30000 - 0x00007ffc86aca000 	C:\WINDOWS\System32\msvcp_win.dll
0x00007ffc733e0000 - 0x00007ffc7366e000 	C:\WINDOWS\WinSxS\amd64_microsoft.windows.common-controls_6595b64144ccf1df_6.0.22621.1635_none_270f70857386168e\COMCTL32.dll
0x00007ffc88850000 - 0x00007ffc888f7000 	C:\WINDOWS\System32\msvcrt.dll
0x00007ffc87d40000 - 0x00007ffc87d71000 	C:\WINDOWS\System32\IMM32.DLL
0x00007ffc4c1c0000 - 0x00007ffc4c1cc000 	C:\java\jdk-17\bin\vcruntime140_1.dll
0x00007ffc2e270000 - 0x00007ffc2e2fd000 	C:\java\jdk-17\bin\msvcp140.dll
0x00007ffc07950000 - 0x00007ffc0850e000 	C:\java\jdk-17\bin\server\jvm.dll
0x00007ffc88b30000 - 0x00007ffc88bde000 	C:\WINDOWS\System32\ADVAPI32.dll
0x00007ffc87c90000 - 0x00007ffc87d34000 	C:\WINDOWS\System32\sechost.dll
0x00007ffc88020000 - 0x00007ffc88137000 	C:\WINDOWS\System32\RPCRT4.dll
0x00007ffc88630000 - 0x00007ffc88638000 	C:\WINDOWS\System32\PSAPI.DLL
0x00007ffc7ed90000 - 0x00007ffc7ed9a000 	C:\WINDOWS\SYSTEM32\VERSION.dll
0x00007ffc69a70000 - 0x00007ffc69a79000 	C:\WINDOWS\SYSTEM32\WSOCK32.dll
0x00007ffc7ce80000 - 0x00007ffc7ceb4000 	C:\WINDOWS\SYSTEM32\WINMM.dll
0x00007ffc877b0000 - 0x00007ffc87821000 	C:\WINDOWS\System32\WS2_32.dll
0x00007ffc85600000 - 0x00007ffc85618000 	C:\WINDOWS\SYSTEM32\kernel.appcore.dll
0x00007ffc3a380000 - 0x00007ffc3a38a000 	C:\java\jdk-17\bin\jimage.dll
0x00007ffc78ba0000 - 0x00007ffc78dce000 	C:\WINDOWS\SYSTEM32\DBGHELP.DLL
0x00007ffc878b0000 - 0x00007ffc87c39000 	C:\WINDOWS\System32\combase.dll
0x00007ffc886c0000 - 0x00007ffc88797000 	C:\WINDOWS\System32\OLEAUT32.dll
0x00007ffc6cfa0000 - 0x00007ffc6cfd2000 	C:\WINDOWS\SYSTEM32\dbgcore.DLL
0x00007ffc86590000 - 0x00007ffc8660a000 	C:\WINDOWS\System32\bcryptPrimitives.dll
0x00007ffc2eb00000 - 0x00007ffc2eb25000 	C:\java\jdk-17\bin\java.dll

dbghelp: loaded successfully - version: 4.0.5 - missing functions: none
symbol engine: initialized successfully - sym options: 0x614 - pdb path: .;C:\java\jdk-17\bin;C:\WINDOWS\SYSTEM32;C:\WINDOWS\WinSxS\amd64_microsoft.windows.common-controls_6595b64144ccf1df_6.0.22621.1635_none_270f70857386168e;C:\java\jdk-17\bin\server

VM Arguments:
jvm_args: -Dfile.encoding=UTF-8 -Duser.country=KR -Duser.language=ko -Duser.variant 
java_command: com.chat.chatapp.ChatappApplication
java_class_path (initial): C:\Users\cdnwe\OneDrive\πŸ≈¡ »≠∏È\SpringProject\chatapp\build\classes\java\main;C:\Users\cdnwe\OneDrive\πŸ≈¡ »≠∏È\SpringProject\chatapp\build\resources\main;C:\Users\cdnwe\OneDrive\πŸ≈¡ »≠∏È\SpringProject\chatapp\.gradle\caches\modules-2\files-2.1\org.springframework.boot\spring-boot-devtools\3.1.2\e01d700e98cf7393c80efc44357416ba90c56332\spring-boot-devtools-3.1.2.jar;C:\Users\cdnwe\OneDrive\πŸ≈¡ »≠∏È\SpringProject\chatapp\.gradle\caches\modules-2\files-2.1\org.springframework.boot\spring-boot-starter-data-jpa\3.1.2\a37d54373b11d2de70dfb8bcd6612dc63787f4a8\spring-boot-starter-data-jpa-3.1.2.jar;C:\Users\cdnwe\OneDrive\πŸ≈¡ »≠∏È\SpringProject\chatapp\.gradle\caches\modules-2\files-2.1\org.springframework.boot\spring-boot-starter-websocket\3.1.2\38921a9f21f02774f4c8c2e546b13e0bb8b27e85\spring-boot-starter-websocket-3.1.2.jar;C:\Users\cdnwe\OneDrive\πŸ≈¡ »≠∏È\SpringProject\chatapp\.gradle\caches\modules-2\files-2.1\org.springframework.boot\spring-boot-starter-web\3.1.2\30b824817e764a5a5a1e9fb46e7ace40bcfa3185\spring-boot-starter-web-3.1.2.jar;C:\Users\cdnwe\OneDrive\πŸ≈¡ »≠∏È\SpringProject\chatapp\.gradle\caches\modules-2\files-2.1\org.springframework.boot\spring-boot-starter-aop\3.1.2\e882bf8c8853807a8e69cce9465ec12233fb5437\spring-boot-starter-aop-3.1.2.jar;C:\Users\cdnwe\OneDrive\πŸ≈¡ »≠∏È\SpringProject\chatapp\.gradle\caches\modules-2\files-2.1\org.springframework.boot\spring-boot-starter-jdbc\3.1.2\e864f6a34d620e7e698c115881ea23b08f7125e9\spring-boot-starter-jdbc-3.1.2.jar;C:\Users\cdnwe\OneDrive\πŸ≈¡ »≠∏È\SpringProject\chatapp\.gradle\caches\modules-2\files-2.1\org.springframework.boot\spring-boot-starter-json\3.1.2\c48d521879dbbcebe1a99f47257612968e022f5b\spring-boot-starter-json-3.1.2.jar;C:\Users\cdnwe\OneDrive\πŸ≈¡ »≠∏È\SpringProject\chatapp\.gradle\caches\modules-2\files-2.1\org.springframework.boot\spring-boot-starter\3.1.2\c09a48df6fbc2b07b7aef1256b45260a3478b49f\spring-boot-starter-3.1.2.jar;C:\Users\cdnwe\OneDrive\πŸ≈¡ »≠∏È\
Launcher Type: SUN_STANDARD

[Global flags]
     intx CICompilerCount                          = 4                                         {product} {ergonomic}
     uint ConcGCThreads                            = 3                                         {product} {ergonomic}
     uint G1ConcRefinementThreads                  = 10                                        {product} {ergonomic}
   size_t G1HeapRegionSize                         = 2097152                                   {product} {ergonomic}
    uintx GCDrainStackTargetSize                   = 64                                        {product} {ergonomic}
   size_t InitialHeapSize                          = 257949696                                 {product} {ergonomic}
   size_t MarkStackSize                            = 4194304                                   {product} {ergonomic}
   size_t MaxHeapSize                              = 4123000832                                {product} {ergonomic}
   size_t MinHeapDeltaBytes                        = 2097152                                   {product} {ergonomic}
   size_t MinHeapSize                              = 8388608                                   {product} {ergonomic}
    uintx NonNMethodCodeHeapSize                   = 5839372                                {pd product} {ergonomic}
    uintx NonProfiledCodeHeapSize                  = 122909434                              {pd product} {ergonomic}
    uintx ProfiledCodeHeapSize                     = 122909434                              {pd product} {ergonomic}
    uintx ReservedCodeCacheSize                    = 251658240                              {pd product} {ergonomic}
     bool SegmentedCodeCache                       = true                                      {product} {ergonomic}
   size_t SoftMaxHeapSize                          = 4123000832                             {manageable} {ergonomic}
     bool UseCompressedClassPointers               = true                           {product lp64_product} {ergonomic}
     bool UseCompressedOops                        = true                           {product lp64_product} {ergonomic}
     bool UseG1GC                                  = true                                      {product} {ergonomic}
     bool UseLargePagesIndividualAllocation        = false                                  {pd product} {ergonomic}

Logging:
Log output configuration:
 #0: stdout all=warning uptime,level,tags
 #1: stderr all=off uptime,level,tags

Environment Variables:
JAVA_HOME=C:\java\jdk-17
PATH=C:\Program Files (x86)\VMware\VMware Workstation\bin\;C:\oraclexe\app\oracle\product\11.2.0\server\bin;C:\WINDOWS\system32;C:\WINDOWS;C:\WINDOWS\System32\Wbem;C:\WINDOWS\System32\WindowsPowerShell\v1.0\;C:\WINDOWS\System32\OpenSSH\;C:\Program Files\Bandizip\;C:\Program Files\Git\cmd;C:\Program Files\Microsoft SQL Server\Client SDK\ODBC\170\Tools\Binn\;C:\Program Files (x86)\Microsoft SQL Server\150\Tools\Binn\;C:\Program Files\Microsoft SQL Server\150\Tools\Binn\;C:\Program Files\Microsoft SQL Server\150\DTS\Binn\;C:\Program Files (x86)\Microsoft SQL Server\150\DTS\Binn\;C:\Program Files\Azure Data Studio\bin;C:\java\jdk-17\bin;C:\java\apache-maven-3.8.6\bin;C:\Program Files\nodejs\;C:\ProgramData\chocolatey\bin;C:\Program Files\Docker\Docker\resources\bin;C:\Program Files\dotnet\;C:\WINDOWS\system32;C:\WINDOWS;C:\WINDOWS\System32\Wbem;C:\WINDOWS\System32\WindowsPowerShell\v1.0\;C:\WINDOWS\System32\OpenSSH\;C:\Program Files\PuTTY\;C:\Program Files (x86)\NetSarang\Xshell 7\;C:\Program Files\Amazon\AWSCLIV2\;C:\Program Files\MySQL\MySQL Shell 8.0\bin;C:\Users\cdnwe\AppData\Local\Microsoft\WindowsApps;C:\Users\cdnwe\AppData\Local\Programs\Microsoft VS Code\bin;C:\Users\cdnwe\.dotnet\tools;C:\Program Files\Azure Data Studio\bin;C:\Users\cdnwe\AppData\Roaming\npm;C:\Users\cdnwe\AppData\Local\JetBrains\Toolbox\scripts;C:\Users\cdnwe\.dotnet\tools;C:\Program Files\MySQL\MySQL Server 8.0\bin;;C:\Users\cdnwe\AppData\Local\Microsoft\WindowsApps
USERNAME=cdnwellhk
OS=Windows_NT
PROCESSOR_IDENTIFIER=AMD64 Family 23 Model 104 Stepping 1, AuthenticAMD



---------------  S Y S T E M  ---------------

OS:
 Windows 10 , 64 bit Build 22621 (10.0.22621.1928)
OS uptime: 0 days 0:19 hours
Hyper-V role detected

CPU: total 12 (initial active 12) (12 cores per cpu, 2 threads per core) family 23 model 104 stepping 1 microcode 0x0, cx8, cmov, fxsr, ht, mmx, 3dnowpref, sse, sse2, sse3, ssse3, sse4a, sse4.1, sse4.2, popcnt, lzcnt, tsc, tscinvbit, avx, avx2, aes, clmul, bmi1, bmi2, adx, sha, fma, vzeroupper, clflush, clflushopt, hv

Memory: 4k page, system-wide physical 15724M (4111M free)
TotalPageFile size 15724M (AvailPageFile size 5M)
current process WorkingSet (physical memory assigned to process): 11M, peak: 11M
current process commit charge ("private bytes"): 314M, peak: 318M

vm_info: OpenJDK 64-Bit Server VM (17+35-2724) for windows-amd64 JRE (17+35-2724), built on Aug  5 2021 23:26:02 by "mach5one" with MS VC++ 16.8 (VS2019)

END.
